{"numFailedTestSuites":1,"numFailedTests":3,"numPassedTestSuites":9,"numPassedTests":40,"numPendingTestSuites":0,"numPendingTests":0,"numRuntimeErrorTestSuites":0,"numTodoTests":0,"numTotalTestSuites":10,"numTotalTests":43,"openHandles":[],"snapshot":{"added":0,"didUpdate":false,"failure":false,"filesAdded":0,"filesRemoved":0,"filesRemovedList":[],"filesUnmatched":0,"filesUpdated":0,"matched":0,"total":0,"unchecked":0,"uncheckedKeysByFile":[],"unmatched":0,"updated":0},"startTime":1785292851998,"success":false,"testResults":[{"assertionResults":[{"ancestorTitles":["Pain Scale Integration Tests"],"duration":390,"failing":false,"failureDetails":[{"matcherResult":{"actual":500,"expected":201,"message":"\u001b[2mexpect(\u001b[22m\u001b[31mreceived\u001b[39m\u001b[2m).\u001b[22mtoBe\u001b[2m(\u001b[22m\u001b[32mexpected\u001b[39m\u001b[2m) // Object.is equality\u001b[22m\n\nExpected: \u001b[32m201\u001b[39m\nReceived: \u001b[31m500\u001b[39m","name":"toBe","pass":false}}],"failureMessages":["Error: \u001b[2mexpect(\u001b[22m\u001b[31mreceived\u001b[39m\u001b[2m).\u001b[22mtoBe\u001b[2m(\u001b[22m\u001b[32mexpected\u001b[39m\u001b[2m) // Object.is equality\u001b[22m\n\nExpected: \u001b[32m201\u001b[39m\nReceived: \u001b[31m500\u001b[39m\n    at Object.<anonymous> (/home/matheus/Documentos/odontoclinica-api-main/tests/integration/painScale.integration.test.ts:153:8)\n    at processTicksAndRejections (node:internal/process/task_queues:104:5)"],"fullName":"Pain Scale Integration Tests POST /pain-scale should create daily pain entry","invocations":1,"location":null,"numPassingAsserts":0,"retryReasons":[],"startAt":1785292853401,"status":"failed","title":"POST /pain-scale should create daily pain entry"},{"ancestorTitles":["Pain Scale Integration Tests"],"duration":343,"failing":false,"failureDetails":[],"failureMessages":[],"fullName":"Pain Scale Integration Tests POST /pain-scale should reject without evaluation","invocations":1,"location":null,"numPassingAsserts":1,"retryReasons":[],"startAt":1785292853794,"status":"passed","title":"POST /pain-scale should reject without evaluation"},{"ancestorTitles":["Pain Scale Integration Tests"],"duration":333,"failing":false,"failureDetails":[{"matcherResult":{"message":"\u001b[2mexpect(\u001b[22m\u001b[31mreceived\u001b[39m\u001b[2m).\u001b[22mtoHaveLength\u001b[2m(\u001b[22m\u001b[32mexpected\u001b[39m\u001b[2m)\u001b[22m\n\nExpected length: \u001b[32m1\u001b[39m\nReceived length: \u001b[31m0\u001b[39m\nReceived array:  \u001b[31m[]\u001b[39m","pass":false}}],"failureMessages":["Error: \u001b[2mexpect(\u001b[22m\u001b[31mreceived\u001b[39m\u001b[2m).\u001b[22mtoHaveLength\u001b[2m(\u001b[22m\u001b[32mexpected\u001b[39m\u001b[2m)\u001b[22m\n\nExpected length: \u001b[32m1\u001b[39m\nReceived length: \u001b[31m0\u001b[39m\nReceived array:  \u001b[31m[]\u001b[39m\n    at Object.<anonymous> (/home/matheus/Documentos/odontoclinica-api-main/tests/integration/painScale.integration.test.ts:299:8)\n    at processTicksAndRejections (node:internal/process/task_queues:104:5)"],"fullName":"Pain Scale Integration Tests GET /pain-scale/patient/:patientId should return patient history","invocations":1,"location":null,"numPassingAsserts":1,"retryReasons":[],"startAt":1785292854137,"status":"failed","title":"GET /pain-scale/patient/:patientId should return patient history"},{"ancestorTitles":["Pain Scale Integration Tests"],"duration":484,"failing":false,"failureDetails":[],"failureMessages":[],"fullName":"Pain Scale Integration Tests GET /pain-scale/patient/:patientId should not allow another dentist access","invocations":1,"location":null,"numPassingAsserts":1,"retryReasons":[],"startAt":1785292854470,"status":"passed","title":"GET /pain-scale/patient/:patientId should not allow another dentist access"},{"ancestorTitles":["Pain Scale Integration Tests"],"duration":343,"failing":false,"failureDetails":[{"matcherResult":{"actual":500,"expected":409,"message":"\u001b[2mexpect(\u001b[22m\u001b[31mreceived\u001b[39m\u001b[2m).\u001b[22mtoBe\u001b[2m(\u001b[22m\u001b[32mexpected\u001b[39m\u001b[2m) // Object.is equality\u001b[22m\n\nExpected: \u001b[32m409\u001b[39m\nReceived: \u001b[31m500\u001b[39m","name":"toBe","pass":false}}],"failureMessages":["Error: \u001b[2mexpect(\u001b[22m\u001b[31mreceived\u001b[39m\u001b[2m).\u001b[22mtoBe\u001b[2m(\u001b[22m\u001b[32mexpected\u001b[39m\u001b[2m) // Object.is equality\u001b[22m\n\nExpected: \u001b[32m409\u001b[39m\nReceived: \u001b[31m500\u001b[39m\n    at Object.<anonymous> (/home/matheus/Documentos/odontoclinica-api-main/tests/integration/painScale.integration.test.ts:439:6)\n    at processTicksAndRejections (node:internal/process/task_queues:104:5)"],"fullName":"Pain Scale Integration Tests POST /pain-scale should reject second daily entry","invocations":1,"location":null,"numPassingAsserts":0,"retryReasons":[],"startAt":1785292854954,"status":"failed","title":"POST /pain-scale should reject second daily entry"}],"endTime":1785292855315,"message":"\u001b[1m\u001b[31m  \u001b[1m● \u001b[22m\u001b[1mPain Scale Integration Tests › POST /pain-scale should create daily pain entry\u001b[39m\u001b[22m\n\n    \u001b[2mexpect(\u001b[22m\u001b[31mreceived\u001b[39m\u001b[2m).\u001b[22mtoBe\u001b[2m(\u001b[22m\u001b[32mexpected\u001b[39m\u001b[2m) // Object.is equality\u001b[22m\n\n    Expected: \u001b[32m201\u001b[39m\n    Received: \u001b[31m500\u001b[39m\n\u001b[2m\u001b[22m\n\u001b[2m    \u001b[0m \u001b[90m 151 |\u001b[39m\u001b[22m\n\u001b[2m     \u001b[90m 152 |\u001b[39m     expect(response\u001b[33m.\u001b[39mstatus)\u001b[22m\n\u001b[2m    \u001b[31m\u001b[1m>\u001b[22m\u001b[2m\u001b[39m\u001b[90m 153 |\u001b[39m       \u001b[33m.\u001b[39mtoBe(\u001b[35m201\u001b[39m)\u001b[33m;\u001b[39m\u001b[22m\n\u001b[2m     \u001b[90m     |\u001b[39m        \u001b[31m\u001b[1m^\u001b[22m\u001b[2m\u001b[39m\u001b[22m\n\u001b[2m     \u001b[90m 154 |\u001b[39m\u001b[22m\n\u001b[2m     \u001b[90m 155 |\u001b[39m\u001b[22m\n\u001b[2m     \u001b[90m 156 |\u001b[39m\u001b[0m\u001b[22m\n\u001b[2m\u001b[22m\n\u001b[2m      \u001b[2mat Object.<anonymous> (\u001b[22m\u001b[2m\u001b[0m\u001b[36mtests/integration/painScale.integration.test.ts\u001b[39m\u001b[0m\u001b[2m:153:8)\u001b[22m\u001b[2m\u001b[22m\n\n\u001b[1m\u001b[31m  \u001b[1m● \u001b[22m\u001b[1mPain Scale Integration Tests › GET /pain-scale/patient/:patientId should return patient history\u001b[39m\u001b[22m\n\n    \u001b[2mexpect(\u001b[22m\u001b[31mreceived\u001b[39m\u001b[2m).\u001b[22mtoHaveLength\u001b[2m(\u001b[22m\u001b[32mexpected\u001b[39m\u001b[2m)\u001b[22m\n\n    Expected length: \u001b[32m1\u001b[39m\n    Received length: \u001b[31m0\u001b[39m\n    Received array:  \u001b[31m[]\u001b[39m\n\u001b[2m\u001b[22m\n\u001b[2m    \u001b[0m \u001b[90m 297 |\u001b[39m\u001b[22m\n\u001b[2m     \u001b[90m 298 |\u001b[39m     expect(response\u001b[33m.\u001b[39mbody)\u001b[22m\n\u001b[2m    \u001b[31m\u001b[1m>\u001b[22m\u001b[2m\u001b[39m\u001b[90m 299 |\u001b[39m       \u001b[33m.\u001b[39mtoHaveLength(\u001b[35m1\u001b[39m)\u001b[33m;\u001b[39m\u001b[22m\n\u001b[2m     \u001b[90m     |\u001b[39m        \u001b[31m\u001b[1m^\u001b[22m\u001b[2m\u001b[39m\u001b[22m\n\u001b[2m     \u001b[90m 300 |\u001b[39m\u001b[22m\n\u001b[2m     \u001b[90m 301 |\u001b[39m\u001b[22m\n\u001b[2m     \u001b[90m 302 |\u001b[39m\u001b[0m\u001b[22m\n\u001b[2m\u001b[22m\n\u001b[2m      \u001b[2mat Object.<anonymous> (\u001b[22m\u001b[2m\u001b[0m\u001b[36mtests/integration/painScale.integration.test.ts\u001b[39m\u001b[0m\u001b[2m:299:8)\u001b[22m\u001b[2m\u001b[22m\n\n\u001b[1m\u001b[31m  \u001b[1m● \u001b[22m\u001b[1mPain Scale Integration Tests › POST /pain-scale should reject second daily entry\u001b[39m\u001b[22m\n\n    \u001b[2mexpect(\u001b[22m\u001b[31mreceived\u001b[39m\u001b[2m).\u001b[22mtoBe\u001b[2m(\u001b[22m\u001b[32mexpected\u001b[39m\u001b[2m) // Object.is equality\u001b[22m\n\n    Expected: \u001b[32m409\u001b[39m\n    Received: \u001b[31m500\u001b[39m\n\u001b[2m\u001b[22m\n\u001b[2m    \u001b[0m \u001b[90m 437 |\u001b[39m\u001b[22m\n\u001b[2m     \u001b[90m 438 |\u001b[39m   expect(response\u001b[33m.\u001b[39mstatus)\u001b[22m\n\u001b[2m    \u001b[31m\u001b[1m>\u001b[22m\u001b[2m\u001b[39m\u001b[90m 439 |\u001b[39m     \u001b[33m.\u001b[39mtoBe(\u001b[35m409\u001b[39m)\u001b[33m;\u001b[39m\u001b[22m\n\u001b[2m     \u001b[90m     |\u001b[39m      \u001b[31m\u001b[1m^\u001b[22m\u001b[2m\u001b[39m\u001b[22m\n\u001b[2m     \u001b[90m 440 |\u001b[39m\u001b[22m\n\u001b[2m     \u001b[90m 441 |\u001b[39m\u001b[22m\n\u001b[2m     \u001b[90m 442 |\u001b[39m })\u001b[33m;\u001b[39m\u001b[0m\u001b[22m\n\u001b[2m\u001b[22m\n\u001b[2m      \u001b[2mat Object.<anonymous> (\u001b[22m\u001b[2m\u001b[0m\u001b[36mtests/integration/painScale.integration.test.ts\u001b[39m\u001b[0m\u001b[2m:439:6)\u001b[22m\u001b[2m\u001b[22m\n","name":"/home/matheus/Documentos/odontoclinica-api-main/tests/integration/painScale.integration.test.ts","startTime":1785292852034,"status":"failed","summary":""},{"assertionResults":[{"ancestorTitles":["Patient Integration Tests"],"duration":295,"failing":false,"failureDetails":[],"failureMessages":[],"fullName":"Patient Integration Tests POST /patients should create a patient linked to the logged dentist","invocations":1,"location":null,"numPassingAsserts":4,"retryReasons":[],"startAt":1785292855463,"status":"passed","title":"POST /patients should create a patient linked to the logged dentist"},{"ancestorTitles":["Patient Integration Tests"],"duration":244,"failing":false,"failureDetails":[],"failureMessages":[],"fullName":"Patient Integration Tests GET /patients should return only patients from logged dentist","invocations":1,"location":null,"numPassingAsserts":3,"retryReasons":[],"startAt":1785292855758,"status":"passed","title":"GET /patients should return only patients from logged dentist"},{"ancestorTitles":["Patient Integration Tests"],"duration":312,"failing":false,"failureDetails":[],"failureMessages":[],"fullName":"Patient Integration Tests GET /patients/me should return logged patient","invocations":1,"location":null,"numPassingAsserts":4,"retryReasons":[],"startAt":1785292856002,"status":"passed","title":"GET /patients/me should return logged patient"},{"ancestorTitles":["Patient Integration Tests"],"duration":316,"failing":false,"failureDetails":[],"failureMessages":[],"fullName":"Patient Integration Tests PUT /patients/:id should update patient","invocations":1,"location":null,"numPassingAsserts":3,"retryReasons":[],"startAt":1785292856314,"status":"passed","title":"PUT /patients/:id should update patient"},{"ancestorTitles":["Patient Integration Tests"],"duration":255,"failing":false,"failureDetails":[],"failureMessages":[],"fullName":"Patient Integration Tests DELETE /patients/:id should delete patient","invocations":1,"location":null,"numPassingAsserts":3,"retryReasons":[],"startAt":1785292856630,"status":"passed","title":"DELETE /patients/:id should delete patient"},{"ancestorTitles":["Patient Integration Tests"],"duration":352,"failing":false,"failureDetails":[],"failureMessages":[],"fullName":"Patient Integration Tests GET /patients should not return patients from another dentist","invocations":1,"location":null,"numPassingAsserts":2,"retryReasons":[],"startAt":1785292856885,"status":"passed","title":"GET /patients should not return patients from another dentist"},{"ancestorTitles":["Patient Integration Tests"],"duration":298,"failing":false,"failureDetails":[],"failureMessages":[],"fullName":"Patient Integration Tests POST /patients should reject patient user","invocations":1,"location":null,"numPassingAsserts":1,"retryReasons":[],"startAt":1785292857237,"status":"passed","title":"POST /patients should reject patient user"}],"endTime":1785292857537,"message":"","name":"/home/matheus/Documentos/odontoclinica-api-main/tests/integration/patient.integration.test.ts","startTime":1785292855322,"status":"passed","summary":""},{"assertionResults":[{"ancestorTitles":["Message Integration Tests"],"duration":357,"failing":false,"failureDetails":[],"failureMessages":[],"fullName":"Message Integration Tests POST /messages/send should allow dentist send message to patient","invocations":1,"location":null,"numPassingAsserts":5,"retryReasons":[],"startAt":1785292857646,"status":"passed","title":"POST /messages/send should allow dentist send message to patient"},{"ancestorTitles":["Message Integration Tests"],"duration":341,"failing":false,"failureDetails":[],"failureMessages":[],"fullName":"Message Integration Tests POST /messages/send should allow patient send message to dentist","invocations":1,"location":null,"numPassingAsserts":4,"retryReasons":[],"startAt":1785292858004,"status":"passed","title":"POST /messages/send should allow patient send message to dentist"},{"ancestorTitles":["Message Integration Tests"],"duration":346,"failing":false,"failureDetails":[],"failureMessages":[],"fullName":"Message Integration Tests GET /messages should return conversation history","invocations":1,"location":null,"numPassingAsserts":3,"retryReasons":[],"startAt":1785292858345,"status":"passed","title":"GET /messages should return conversation history"},{"ancestorTitles":["Message Integration Tests"],"duration":486,"failing":false,"failureDetails":[],"failureMessages":[],"fullName":"Message Integration Tests should not allow dentist access another dentist patient messages","invocations":1,"location":null,"numPassingAsserts":1,"retryReasons":[],"startAt":1785292858692,"status":"passed","title":"should not allow dentist access another dentist patient messages"}],"endTime":1785292859180,"message":"","name":"/home/matheus/Documentos/odontoclinica-api-main/tests/integration/message.integration.test.ts","startTime":1785292857541,"status":"passed","summary":""},{"assertionResults":[{"ancestorTitles":["Evaluation Integration Tests"],"duration":304,"failing":false,"failureDetails":[],"failureMessages":[],"fullName":"Evaluation Integration Tests POST /evaluations/:patientId should create an evaluation for patient's dentist","invocations":1,"location":null,"numPassingAsserts":3,"retryReasons":[],"startAt":1785292859302,"status":"passed","title":"POST /evaluations/:patientId should create an evaluation for patient's dentist"},{"ancestorTitles":["Evaluation Integration Tests"],"duration":267,"failing":false,"failureDetails":[],"failureMessages":[],"fullName":"Evaluation Integration Tests GET /evaluations/patient/:patientId should return patient's evaluations","invocations":1,"location":null,"numPassingAsserts":3,"retryReasons":[],"startAt":1785292859606,"status":"passed","title":"GET /evaluations/patient/:patientId should return patient's evaluations"},{"ancestorTitles":["Evaluation Integration Tests"],"duration":399,"failing":false,"failureDetails":[],"failureMessages":[],"fullName":"Evaluation Integration Tests should not allow a dentist to create evaluation for another dentist patient","invocations":1,"location":null,"numPassingAsserts":2,"retryReasons":[],"startAt":1785292859874,"status":"passed","title":"should not allow a dentist to create evaluation for another dentist patient"}],"endTime":1785292860275,"message":"","name":"/home/matheus/Documentos/odontoclinica-api-main/tests/integration/evaluation.integration.test.ts","startTime":1785292859183,"status":"passed","summary":""},{"assertionResults":[{"ancestorTitles":["Notification Integration Tests"],"duration":219,"failing":false,"failureDetails":[],"failureMessages":[],"fullName":"Notification Integration Tests GET /notifications/unread-count should return zero","invocations":1,"location":null,"numPassingAsserts":2,"retryReasons":[],"startAt":1785292860388,"status":"passed","title":"GET /notifications/unread-count should return zero"},{"ancestorTitles":["Notification Integration Tests"],"duration":172,"failing":false,"failureDetails":[],"failureMessages":[],"fullName":"Notification Integration Tests should count notifications created by messages","invocations":1,"location":null,"numPassingAsserts":1,"retryReasons":[],"startAt":1785292860607,"status":"passed","title":"should count notifications created by messages"},{"ancestorTitles":["Notification Integration Tests"],"duration":199,"failing":false,"failureDetails":[],"failureMessages":[],"fullName":"Notification Integration Tests PATCH /notifications/read-all should mark notifications as read","invocations":1,"location":null,"numPassingAsserts":2,"retryReasons":[],"startAt":1785292860779,"status":"passed","title":"PATCH /notifications/read-all should mark notifications as read"}],"endTime":1785292860979,"message":"","name":"/home/matheus/Documentos/odontoclinica-api-main/tests/integration/notification.integration.test.ts","startTime":1785292860278,"status":"passed","summary":""},{"assertionResults":[{"ancestorTitles":["Dentist Integration Tests"],"duration":212,"failing":false,"failureDetails":[],"failureMessages":[],"fullName":"Dentist Integration Tests GET /dentists/me should return dentist profile","invocations":1,"location":null,"numPassingAsserts":2,"retryReasons":[],"startAt":1785292861092,"status":"passed","title":"GET /dentists/me should return dentist profile"},{"ancestorTitles":["Dentist Integration Tests"],"duration":159,"failing":false,"failureDetails":[],"failureMessages":[],"fullName":"Dentist Integration Tests PUT /dentists/:id should update dentist","invocations":1,"location":null,"numPassingAsserts":2,"retryReasons":[],"startAt":1785292861304,"status":"passed","title":"PUT /dentists/:id should update dentist"},{"ancestorTitles":["Dentist Integration Tests"],"duration":167,"failing":false,"failureDetails":[],"failureMessages":[],"fullName":"Dentist Integration Tests DELETE /dentists/:id should delete dentist","invocations":1,"location":null,"numPassingAsserts":2,"retryReasons":[],"startAt":1785292861463,"status":"passed","title":"DELETE /dentists/:id should delete dentist"}],"endTime":1785292861631,"message":"","name":"/home/matheus/Documentos/odontoclinica-api-main/tests/integration/dentist.integration.test.ts","startTime":1785292860983,"status":"passed","summary":""},{"assertionResults":[{"ancestorTitles":["Upload Integration"],"duration":200,"failing":false,"failureDetails":[],"failureMessages":[],"fullName":"Upload Integration deve fazer upload de arquivo","invocations":1,"location":null,"numPassingAsserts":2,"retryReasons":[],"startAt":1785292861725,"status":"passed","title":"deve fazer upload de arquivo"},{"ancestorTitles":["Upload Integration"],"duration":198,"failing":false,"failureDetails":[],"failureMessages":[],"fullName":"Upload Integration deve atualizar avatar do dentista","invocations":1,"location":null,"numPassingAsserts":2,"retryReasons":[],"startAt":1785292861925,"status":"passed","title":"deve atualizar avatar do dentista"}],"endTime":1785292862124,"message":"","name":"/home/matheus/Documentos/odontoclinica-api-main/tests/integration/upload.integration.test.ts","startTime":1785292861635,"status":"passed","summary":""},{"assertionResults":[{"ancestorTitles":["Auth Integration Tests"],"duration":124,"failing":false,"failureDetails":[],"failureMessages":[],"fullName":"Auth Integration Tests POST /auth/signup/dentist should create a dentist in database","invocations":1,"location":null,"numPassingAsserts":4,"retryReasons":[],"startAt":1785292862236,"status":"passed","title":"POST /auth/signup/dentist should create a dentist in database"},{"ancestorTitles":["Auth Integration Tests"],"duration":170,"failing":false,"failureDetails":[],"failureMessages":[],"fullName":"Auth Integration Tests POST /auth/login should login an existing dentist","invocations":1,"location":null,"numPassingAsserts":4,"retryReasons":[],"startAt":1785292862361,"status":"passed","title":"POST /auth/login should login an existing dentist"}],"endTime":1785292862533,"message":"","name":"/home/matheus/Documentos/odontoclinica-api-main/tests/integration/auth.integration.test.ts","startTime":1785292862128,"status":"passed","summary":""},{"assertionResults":[{"ancestorTitles":["AuthService","signupDentist"],"duration":40,"failing":false,"failureDetails":[],"failureMessages":[],"fullName":"AuthService signupDentist should create a dentist successfully","invocations":1,"location":null,"numPassingAsserts":2,"retryReasons":[],"startAt":1785292862562,"status":"passed","title":"should create a dentist successfully"},{"ancestorTitles":["AuthService","signupDentist"],"duration":7,"failing":false,"failureDetails":[],"failureMessages":[],"fullName":"AuthService signupDentist should throw if CRO is invalid","invocations":1,"location":null,"numPassingAsserts":1,"retryReasons":[],"startAt":1785292862603,"status":"passed","title":"should throw if CRO is invalid"},{"ancestorTitles":["AuthService","signupDentist"],"duration":3,"failing":false,"failureDetails":[],"failureMessages":[],"fullName":"AuthService signupDentist should throw if email already exists","invocations":1,"location":null,"numPassingAsserts":1,"retryReasons":[],"startAt":1785292862610,"status":"passed","title":"should throw if email already exists"},{"ancestorTitles":["AuthService","signupPatient"],"duration":2,"failing":false,"failureDetails":[],"failureMessages":[],"fullName":"AuthService signupPatient should create a patient successfully","invocations":1,"location":null,"numPassingAsserts":2,"retryReasons":[],"startAt":1785292862613,"status":"passed","title":"should create a patient successfully"},{"ancestorTitles":["AuthService","signupPatient"],"duration":2,"failing":false,"failureDetails":[],"failureMessages":[],"fullName":"AuthService signupPatient should throw if dentist does not exist","invocations":1,"location":null,"numPassingAsserts":1,"retryReasons":[],"startAt":1785292862615,"status":"passed","title":"should throw if dentist does not exist"},{"ancestorTitles":["AuthService","signupPatient"],"duration":2,"failing":false,"failureDetails":[],"failureMessages":[],"fullName":"AuthService signupPatient should throw if patient email already exists","invocations":1,"location":null,"numPassingAsserts":1,"retryReasons":[],"startAt":1785292862617,"status":"passed","title":"should throw if patient email already exists"},{"ancestorTitles":["AuthService","login"],"duration":3,"failing":false,"failureDetails":[],"failureMessages":[],"fullName":"AuthService login should login successfully","invocations":1,"location":null,"numPassingAsserts":2,"retryReasons":[],"startAt":1785292862619,"status":"passed","title":"should login successfully"},{"ancestorTitles":["AuthService","login"],"duration":2,"failing":false,"failureDetails":[],"failureMessages":[],"fullName":"AuthService login should throw if password is incorrect","invocations":1,"location":null,"numPassingAsserts":1,"retryReasons":[],"startAt":1785292862622,"status":"passed","title":"should throw if password is incorrect"},{"ancestorTitles":["AuthService","login"],"duration":2,"failing":false,"failureDetails":[],"failureMessages":[],"fullName":"AuthService login should throw if user does not exist","invocations":1,"location":null,"numPassingAsserts":1,"retryReasons":[],"startAt":1785292862624,"status":"passed","title":"should throw if user does not exist"},{"ancestorTitles":["AuthService","me"],"duration":3,"failing":false,"failureDetails":[],"failureMessages":[],"fullName":"AuthService me should return dentist profile","invocations":1,"location":null,"numPassingAsserts":2,"retryReasons":[],"startAt":1785292862626,"status":"passed","title":"should return dentist profile"},{"ancestorTitles":["AuthService","me"],"duration":2,"failing":false,"failureDetails":[],"failureMessages":[],"fullName":"AuthService me should throw if user is not found","invocations":1,"location":null,"numPassingAsserts":1,"retryReasons":[],"startAt":1785292862629,"status":"passed","title":"should throw if user is not found"}],"endTime":1785292862632,"message":"","name":"/home/matheus/Documentos/odontoclinica-api-main/tests/unit/services/authService.test.ts","startTime":1785292862538,"status":"passed","summary":""},{"assertionResults":[{"ancestorTitles":["authenticate middleware"],"duration":29,"failing":false,"failureDetails":[],"failureMessages":[],"fullName":"authenticate middleware should return 401 when authorization header is missing","invocations":1,"location":null,"numPassingAsserts":3,"retryReasons":[],"startAt":1785292862658,"status":"passed","title":"should return 401 when authorization header is missing"},{"ancestorTitles":["authenticate middleware"],"duration":1,"failing":false,"failureDetails":[],"failureMessages":[],"fullName":"authenticate middleware should return 401 when token is invalid","invocations":1,"location":null,"numPassingAsserts":3,"retryReasons":[],"startAt":1785292862688,"status":"passed","title":"should return 401 when token is invalid"},{"ancestorTitles":["authenticate middleware"],"duration":1,"failing":false,"failureDetails":[],"failureMessages":[],"fullName":"authenticate middleware should authenticate successfully","invocations":1,"location":null,"numPassingAsserts":2,"retryReasons":[],"startAt":1785292862690,"status":"passed","title":"should authenticate successfully"}],"endTime":1785292862692,"message":"","name":"/home/matheus/Documentos/odontoclinica-api-main/tests/unit/middlewares/authMiddleware.test.ts","startTime":1785292862636,"status":"passed","summary":""}],"wasInterrupted":false}
